Cache Configuration: 16 MB, 2 skews, 32 ways (16 ways/skew)
AVG-BALLS-PER-BUCKET:16, BUCKET-SPILL-THRESHOLD:22 
Simulation Parameters - BALL_THROWS:1000000000, SEED:42

Init Sanity

*** Sanity Passed *****
Main Sanity

*** Sanity Passed *****
Starting --  (Dot printed every 100M Ball throws) 
..........Main (pt2) Sanity

*** Sanity Passed *****
 1Bn


Bucket-Occupancy Snapshot at End of Experiment

Occupancy: 		 Count
Bucket[ 0 Fill]: 	 0 	 (0.00)
Bucket[ 1 Fill]: 	 0 	 (0.00)
Bucket[ 2 Fill]: 	 0 	 (0.00)
Bucket[ 3 Fill]: 	 0 	 (0.00)
Bucket[ 4 Fill]: 	 0 	 (0.00)
Bucket[ 5 Fill]: 	 0 	 (0.00)
Bucket[ 6 Fill]: 	 0 	 (0.00)
Bucket[ 7 Fill]: 	 2 	 (0.01)
Bucket[ 8 Fill]: 	 1 	 (0.01)
Bucket[ 9 Fill]: 	 4 	 (0.02)
Bucket[10 Fill]: 	 29 	 (0.18)
Bucket[11 Fill]: 	 69 	 (0.42)
Bucket[12 Fill]: 	 170 	 (1.04)
Bucket[13 Fill]: 	 418 	 (2.55)
Bucket[14 Fill]: 	 924 	 (5.64)
Bucket[15 Fill]: 	 1828 	 (11.16)
Bucket[16 Fill]: 	 3205 	 (19.56)
Bucket[17 Fill]: 	 4177 	 (25.49)
Bucket[18 Fill]: 	 3811 	 (23.26)
Bucket[19 Fill]: 	 1567 	 (9.56)
Bucket[20 Fill]: 	 178 	 (1.09)
Bucket[21 Fill]: 	 1 	 (0.01)
Bucket[22 Fill]: 	 0 	 (0.00)
Bucket[23 Fill]: 	 0 	 (0.00)
Bucket[24 Fill]: 	 0 	 (0.00)
Bucket[25 Fill]: 	 0 	 (0.00)
Bucket[26 Fill]: 	 0 	 (0.00)
Bucket[27 Fill]: 	 0 	 (0.00)
Bucket[28 Fill]: 	 0 	 (0.00)
Bucket[29 Fill]: 	 0 	 (0.00)
Bucket[30 Fill]: 	 0 	 (0.00)
Bucket[31 Fill]: 	 0 	 (0.00)
Bucket[32 Fill]: 	 0 	 (0.00)


Distribution of Bucket-Occupancy (Averaged across Ball Throws) => Used for P(Bucket = k balls) calculation 

Occupancy: 		            Count 	 P(Bucket=k balls)
Bucket[ 0 Fill]: 	                0 	 (0.000)
Bucket[ 1 Fill]: 	                0 	 (0.000)
Bucket[ 2 Fill]: 	                2 	 (0.000)
Bucket[ 3 Fill]: 	               30 	 (0.000)
Bucket[ 4 Fill]: 	              327 	 (0.000)
Bucket[ 5 Fill]: 	             2292 	 (0.000)
Bucket[ 6 Fill]: 	            12523 	 (0.001)
Bucket[ 7 Fill]: 	            59134 	 (0.003)
Bucket[ 8 Fill]: 	           240175 	 (0.012)
Bucket[ 9 Fill]: 	           864906 	 (0.043)
Bucket[10 Fill]: 	          2790620 	 (0.140)
Bucket[11 Fill]: 	          8128814 	 (0.406)
Bucket[12 Fill]: 	         21573413 	 (1.079)
Bucket[13 Fill]: 	         52173591 	 (2.609)
Bucket[14 Fill]: 	        114421463 	 (5.721)
Bucket[15 Fill]: 	        224053336 	 (11.203)
Bucket[16 Fill]: 	        378277239 	 (18.914)
Bucket[17 Fill]: 	        515634847 	 (25.782)
Bucket[18 Fill]: 	        466025491 	 (23.301)
Bucket[19 Fill]: 	        194961394 	 (9.748)
Bucket[20 Fill]: 	         20595221 	 (1.030)
Bucket[21 Fill]: 	           185142 	 (0.009)
Bucket[22 Fill]: 	               40 	 (0.000)
Bucket[23 Fill]: 	                0 	 (0.000)
Bucket[24 Fill]: 	                0 	 (0.000)
Bucket[25 Fill]: 	                0 	 (0.000)
Bucket[26 Fill]: 	                0 	 (0.000)
Bucket[27 Fill]: 	                0 	 (0.000)
Bucket[28 Fill]: 	                0 	 (0.000)
Bucket[29 Fill]: 	                0 	 (0.000)
Bucket[30 Fill]: 	                0 	 (0.000)
Bucket[31 Fill]: 	                0 	 (0.000)
Bucket[32 Fill]: 	                0 	 (0.000)


Distribution of Balls-in-Dest-Bucket on Ball-Insertion (Best-Of-2 Indexed-Buckets) => Spill-Count = Spills from Bucket-With-22-Balls

Balls-in-Dest-Bucket (k) 		 Spills from Bucket-With-k-Balls)
 0:				                0	 (0.000)
 1:				                0	 (0.000)
 2:				                2	 (0.000)
 3:				               30	 (0.000)
 4:				              327	 (0.000)
 5:				             2292	 (0.000)
 6:				            12523	 (0.001)
 7:				            59132	 (0.006)
 8:				           240138	 (0.024)
 9:				           864602	 (0.086)
10:				          2787018	 (0.279)
11:				          8096076	 (0.810)
12:				         21326561	 (2.133)
13:				         50616055	 (5.062)
14:				        106237278	 (10.624)
15:				        189061392	 (18.906)
16:				        262247286	 (26.225)
17:				        242229509	 (24.223)
18:				        104573271	 (10.457)
19:				         11537515	 (1.154)
20:				           108973	 (0.011)
21:				               20	 (0.000)
22:				                0	 (0.000)
23:				                0	 (0.000)
24:				                0	 (0.000)
25:				                0	 (0.000)
26:				                0	 (0.000)
27:				                0	 (0.000)
28:				                0	 (0.000)
29:				                0	 (0.000)
30:				                0	 (0.000)
31:				                0	 (0.000)

Spill Count: 0 (0.000)

Cuckoo Spill Count: 0 (0.000)
