Cache Configuration: 16 MB, 2 skews, 8 ways (4 ways/skew)
AVG-BALLS-PER-BUCKET:4, BUCKET-SPILL-THRESHOLD:10 
Simulation Parameters - BALL_THROWS:1000000000, SEED:42


*** Sanity Passed *****

*** Sanity Passed *****
Starting --  (Dot printed every 100M Ball throws) 
..........
*** Sanity Passed *****
 1Bn


Bucket-Occupancy Snapshot at End of Experiment

Occupancy: 		 Count
Bucket[ 0 Fill]: 	 120 	 (0.18)
Bucket[ 1 Fill]: 	 810 	 (1.24)
Bucket[ 2 Fill]: 	 3447 	 (5.26)
Bucket[ 3 Fill]: 	 9346 	 (14.26)
Bucket[ 4 Fill]: 	 17008 	 (25.95)
Bucket[ 5 Fill]: 	 20580 	 (31.40)
Bucket[ 6 Fill]: 	 12050 	 (18.39)
Bucket[ 7 Fill]: 	 2130 	 (3.25)
Bucket[ 8 Fill]: 	 45 	 (0.07)
Bucket[ 9 Fill]: 	 0 	 (0.00)
Bucket[10 Fill]: 	 0 	 (0.00)
Bucket[11 Fill]: 	 0 	 (0.00)
Bucket[12 Fill]: 	 0 	 (0.00)
Bucket[13 Fill]: 	 0 	 (0.00)
Bucket[14 Fill]: 	 0 	 (0.00)
Bucket[15 Fill]: 	 0 	 (0.00)
Bucket[16 Fill]: 	 0 	 (0.00)


Distribution of Bucket-Occupancy (Averaged across Ball Throws) => Used for P(Bucket = k balls) calculation 

Occupancy: 		            Count 	 P(Bucket=k balls)
Bucket[ 0 Fill]: 	          3065536 	 (0.153)
Bucket[ 1 Fill]: 	         25670833 	 (1.284)
Bucket[ 2 Fill]: 	        106366068 	 (5.318)
Bucket[ 3 Fill]: 	        284214876 	 (14.211)
Bucket[ 4 Fill]: 	        519838631 	 (25.992)
Bucket[ 5 Fill]: 	        621866479 	 (31.093)
Bucket[ 6 Fill]: 	        370860430 	 (18.543)
Bucket[ 7 Fill]: 	         66640728 	 (3.332)
Bucket[ 8 Fill]: 	          1475844 	 (0.074)
Bucket[ 9 Fill]: 	              575 	 (0.000)
Bucket[10 Fill]: 	                0 	 (0.000)
Bucket[11 Fill]: 	                0 	 (0.000)
Bucket[12 Fill]: 	                0 	 (0.000)
Bucket[13 Fill]: 	                0 	 (0.000)
Bucket[14 Fill]: 	                0 	 (0.000)
Bucket[15 Fill]: 	                0 	 (0.000)
Bucket[16 Fill]: 	                0 	 (0.000)


Distribution of Balls-in-Dest-Bucket on Ball-Insertion (Best-Of-2 Indexed-Buckets) => Spill-Count = Spills from Bucket-With-10-Balls

Balls-in-Dest-Bucket (k) 		 Spills from Bucket-With-k-Balls)
 0:				          3063144	 (0.306)
 1:				         25466391	 (2.547)
 2:				        102007937	 (10.201)
 3:				        244820399	 (24.482)
 4:				        343281114	 (34.328)
 5:				        233178493	 (23.318)
 6:				         47021932	 (4.702)
 7:				          1160073	 (0.116)
 8:				              517	 (0.000)
 9:				                0	 (0.000)
10:				                0	 (0.000)
11:				                0	 (0.000)
12:				                0	 (0.000)
13:				                0	 (0.000)
14:				                0	 (0.000)
15:				                0	 (0.000)

Spill Count: 0 (0.000)

CoDi Spill Count: 0 (0.000)
