Cache Configuration: 16 MB, 2 skews, 16 ways (8 ways/skew)
AVG-BALLS-PER-BUCKET:8, BUCKET-SPILL-THRESHOLD:10 
Simulation Parameters - BALL_THROWS:1000000000, SEED:0


*** Sanity Passed *****

*** Sanity Passed *****
Starting --  (Dot printed every 100M Ball throws) 
..........
*** Sanity Passed *****
 1Bn


Bucket-Occupancy Snapshot at End of Experiment

Occupancy: 		 Count
Bucket[ 0 Fill]: 	 0 	 (0.00)
Bucket[ 1 Fill]: 	 0 	 (0.00)
Bucket[ 2 Fill]: 	 7 	 (0.02)
Bucket[ 3 Fill]: 	 44 	 (0.13)
Bucket[ 4 Fill]: 	 186 	 (0.57)
Bucket[ 5 Fill]: 	 593 	 (1.81)
Bucket[ 6 Fill]: 	 1706 	 (5.21)
Bucket[ 7 Fill]: 	 3927 	 (11.98)
Bucket[ 8 Fill]: 	 7381 	 (22.53)
Bucket[ 9 Fill]: 	 10383 	 (31.69)
Bucket[10 Fill]: 	 8541 	 (26.07)
Bucket[11 Fill]: 	 0 	 (0.00)
Bucket[12 Fill]: 	 0 	 (0.00)
Bucket[13 Fill]: 	 0 	 (0.00)
Bucket[14 Fill]: 	 0 	 (0.00)
Bucket[15 Fill]: 	 0 	 (0.00)
Bucket[16 Fill]: 	 0 	 (0.00)


Distribution of Bucket-Occupancy (Averaged across Ball Throws) => Used for P(Bucket = k balls) calculation 

Occupancy: 		            Count 	 P(Bucket=k balls)
Bucket[ 0 Fill]: 	             2924 	 (0.000)
Bucket[ 1 Fill]: 	            49945 	 (0.002)
Bucket[ 2 Fill]: 	           432619 	 (0.022)
Bucket[ 3 Fill]: 	          2503384 	 (0.125)
Bucket[ 4 Fill]: 	         10791710 	 (0.540)
Bucket[ 5 Fill]: 	         36936124 	 (1.847)
Bucket[ 6 Fill]: 	        103615834 	 (5.181)
Bucket[ 7 Fill]: 	        240041845 	 (12.002)
Bucket[ 8 Fill]: 	        448769258 	 (22.438)
Bucket[ 9 Fill]: 	        632709374 	 (31.635)
Bucket[10 Fill]: 	        524146983 	 (26.207)
Bucket[11 Fill]: 	                0 	 (0.000)
Bucket[12 Fill]: 	                0 	 (0.000)
Bucket[13 Fill]: 	                0 	 (0.000)
Bucket[14 Fill]: 	                0 	 (0.000)
Bucket[15 Fill]: 	                0 	 (0.000)
Bucket[16 Fill]: 	                0 	 (0.000)


Distribution of Balls-in-Dest-Bucket on Ball-Insertion (Best-Of-2 Indexed-Buckets) => Spill-Count = Spills from Bucket-With-10-Balls

Balls-in-Dest-Bucket (k) 		 Spills from Bucket-With-k-Balls)
 0:				             2924	 (0.000)
 1:				            49945	 (0.005)
 2:				           432565	 (0.043)
 3:				          2501181	 (0.250)
 4:				         10746602	 (1.075)
 5:				         36339952	 (3.634)
 6:				         98305076	 (9.831)
 7:				        207115262	 (20.712)
 8:				        309929528	 (30.993)
 9:				        265900678	 (26.590)
10:				         68676287	 (6.868)
11:				                0	 (0.000)
12:				                0	 (0.000)
13:				                0	 (0.000)
14:				                0	 (0.000)
15:				                0	 (0.000)

Spill Count: 68676315 (6.868)

Cuckoo Spill Count: 24400246 (2.440)
