Cache Configuration: 16 MB, 2 skews, 16 ways (8 ways/skew)
AVG-BALLS-PER-BUCKET:8, BUCKET-SPILL-THRESHOLD:10 
Simulation Parameters - BALL_THROWS:10000000000, SEED:0


*** Sanity Passed *****

*** Sanity Passed *****
Starting --  (Dot printed every 100M Ball throws) 
..........
*** Sanity Passed *****
 1Bn
..........
*** Sanity Passed *****
 2Bn
..........
*** Sanity Passed *****
 3Bn
..........
*** Sanity Passed *****
 4Bn
..........
*** Sanity Passed *****
 5Bn
..........
*** Sanity Passed *****
 6Bn
..........
*** Sanity Passed *****
 7Bn
..........
*** Sanity Passed *****
 8Bn
..........
*** Sanity Passed *****
 9Bn
..........
*** Sanity Passed *****
 10Bn


Bucket-Occupancy Snapshot at End of Experiment

Occupancy: 		 Count
Bucket[ 0 Fill]: 	 0 	 (0.00)
Bucket[ 1 Fill]: 	 0 	 (0.00)
Bucket[ 2 Fill]: 	 5 	 (0.02)
Bucket[ 3 Fill]: 	 43 	 (0.13)
Bucket[ 4 Fill]: 	 172 	 (0.52)
Bucket[ 5 Fill]: 	 570 	 (1.74)
Bucket[ 6 Fill]: 	 1727 	 (5.27)
Bucket[ 7 Fill]: 	 3979 	 (12.14)
Bucket[ 8 Fill]: 	 7238 	 (22.09)
Bucket[ 9 Fill]: 	 10461 	 (31.92)
Bucket[10 Fill]: 	 8573 	 (26.16)
Bucket[11 Fill]: 	 0 	 (0.00)
Bucket[12 Fill]: 	 0 	 (0.00)
Bucket[13 Fill]: 	 0 	 (0.00)
Bucket[14 Fill]: 	 0 	 (0.00)
Bucket[15 Fill]: 	 0 	 (0.00)
Bucket[16 Fill]: 	 0 	 (0.00)


Distribution of Bucket-Occupancy (Averaged across Ball Throws) => Used for P(Bucket = k balls) calculation 

Occupancy: 		            Count 	 P(Bucket=k balls)
Bucket[ 0 Fill]: 	            28472 	 (0.000)
Bucket[ 1 Fill]: 	           500470 	 (0.003)
Bucket[ 2 Fill]: 	          4341811 	 (0.022)
Bucket[ 3 Fill]: 	         25026337 	 (0.125)
Bucket[ 4 Fill]: 	        107907280 	 (0.540)
Bucket[ 5 Fill]: 	        369305743 	 (1.847)
Bucket[ 6 Fill]: 	       1036125057 	 (5.181)
Bucket[ 7 Fill]: 	       2400349661 	 (12.002)
Bucket[ 8 Fill]: 	       4487329910 	 (22.437)
Bucket[ 9 Fill]: 	       6327161223 	 (31.636)
Bucket[10 Fill]: 	       5241924036 	 (26.210)
Bucket[11 Fill]: 	                0 	 (0.000)
Bucket[12 Fill]: 	                0 	 (0.000)
Bucket[13 Fill]: 	                0 	 (0.000)
Bucket[14 Fill]: 	                0 	 (0.000)
Bucket[15 Fill]: 	                0 	 (0.000)
Bucket[16 Fill]: 	                0 	 (0.000)


Distribution of Balls-in-Dest-Bucket on Ball-Insertion (Best-Of-2 Indexed-Buckets) => Spill-Count = Spills from Bucket-With-10-Balls

Balls-in-Dest-Bucket (k) 		 Spills from Bucket-With-k-Balls)
 0:				            28472	 (0.000)
 1:				           500464	 (0.005)
 2:				          4341260	 (0.043)
 3:				         25004897	 (0.250)
 4:				        107454355	 (1.075)
 5:				        363356124	 (3.634)
 6:				        983023715	 (9.830)
 7:				       2071117100	 (20.711)
 8:				       3099140396	 (30.991)
 9:				       2659049547	 (26.590)
10:				        686983670	 (6.870)
11:				                0	 (0.000)
12:				                0	 (0.000)
13:				                0	 (0.000)
14:				                0	 (0.000)
15:				                0	 (0.000)

Spill Count: 15214 (0.000)

CoDi Spill Count: 15214 (0.000)
