Cache Configuration: 16 MB, 2 skews, 16 ways (8 ways/skew)
AVG-BALLS-PER-BUCKET:8, BUCKET-SPILL-THRESHOLD:14 
Simulation Parameters - BALL_THROWS:10000000000, SEED:5

Init Sanity

*** Sanity Passed *****
Main Sanity

*** Sanity Passed *****
Starting --  (Dot printed every 100M Ball throws) 
..........Main (pt2) Sanity

*** Sanity Passed *****
 1Bn
..........Main (pt2) Sanity

*** Sanity Passed *****
 2Bn
..........Main (pt2) Sanity

*** Sanity Passed *****
 3Bn
..........Main (pt2) Sanity

*** Sanity Passed *****
 4Bn
..........Main (pt2) Sanity

*** Sanity Passed *****
 5Bn
..........Main (pt2) Sanity

*** Sanity Passed *****
 6Bn
..........Main (pt2) Sanity

*** Sanity Passed *****
 7Bn
..........Main (pt2) Sanity

*** Sanity Passed *****
 8Bn
..........Main (pt2) Sanity

*** Sanity Passed *****
 9Bn
..........Main (pt2) Sanity

*** Sanity Passed *****
 10Bn


Bucket-Occupancy Snapshot at End of Experiment

Occupancy: 		 Count
Bucket[ 0 Fill]: 	 0 	 (0.00)
Bucket[ 1 Fill]: 	 0 	 (0.00)
Bucket[ 2 Fill]: 	 10 	 (0.03)
Bucket[ 3 Fill]: 	 55 	 (0.17)
Bucket[ 4 Fill]: 	 212 	 (0.65)
Bucket[ 5 Fill]: 	 707 	 (2.16)
Bucket[ 6 Fill]: 	 1875 	 (5.72)
Bucket[ 7 Fill]: 	 4010 	 (12.24)
Bucket[ 8 Fill]: 	 7188 	 (21.94)
Bucket[ 9 Fill]: 	 9350 	 (28.53)
Bucket[10 Fill]: 	 7138 	 (21.78)
Bucket[11 Fill]: 	 2107 	 (6.43)
Bucket[12 Fill]: 	 116 	 (0.35)
Bucket[13 Fill]: 	 0 	 (0.00)
Bucket[14 Fill]: 	 0 	 (0.00)
Bucket[15 Fill]: 	 0 	 (0.00)
Bucket[16 Fill]: 	 0 	 (0.00)


Distribution of Bucket-Occupancy (Averaged across Ball Throws) => Used for P(Bucket = k balls) calculation 

Occupancy: 		            Count 	 P(Bucket=k balls)
Bucket[ 0 Fill]: 	            44676 	 (0.000)
Bucket[ 1 Fill]: 	           737383 	 (0.004)
Bucket[ 2 Fill]: 	          6025867 	 (0.030)
Bucket[ 3 Fill]: 	         32868158 	 (0.164)
Bucket[ 4 Fill]: 	        133960225 	 (0.670)
Bucket[ 5 Fill]: 	        433003185 	 (2.165)
Bucket[ 6 Fill]: 	       1144917906 	 (5.725)
Bucket[ 7 Fill]: 	       2489908825 	 (12.450)
Bucket[ 8 Fill]: 	       4339337170 	 (21.697)
Bucket[ 9 Fill]: 	       5654316320 	 (28.272)
Bucket[10 Fill]: 	       4371464364 	 (21.857)
Bucket[11 Fill]: 	       1317389377 	 (6.587)
Bucket[12 Fill]: 	         75813551 	 (0.379)
Bucket[13 Fill]: 	           212974 	 (0.001)
Bucket[14 Fill]: 	               19 	 (0.000)
Bucket[15 Fill]: 	                0 	 (0.000)
Bucket[16 Fill]: 	                0 	 (0.000)


Distribution of Balls-in-Dest-Bucket on Ball-Insertion (Best-Of-2 Indexed-Buckets) => Spill-Count = Spills from Bucket-With-14-Balls

Balls-in-Dest-Bucket (k) 		 Spills from Bucket-With-k-Balls)
 0:				            44676	 (0.000)
 1:				           737374	 (0.007)
 2:				          6024780	 (0.060)
 3:				         32830193	 (0.328)
 4:				        133246483	 (1.332)
 5:				        424560211	 (4.246)
 6:				       1077429255	 (10.774)
 7:				       2116857103	 (21.169)
 8:				       2948323028	 (29.483)
 9:				       2429035269	 (24.290)
10:				        782327551	 (7.823)
11:				         48437160	 (0.484)
12:				           146908	 (0.001)
13:				                9	 (0.000)
14:				                0	 (0.000)
15:				                0	 (0.000)

Spill Count: 0 (0.000)

CoDi Spill Count: 0 (0.000)
