Cache Configuration: 16 MB, 2 skews, 16 ways (8 ways/skew)
AVG-BALLS-PER-BUCKET:8, BUCKET-SPILL-THRESHOLD:11 
Simulation Parameters - BALL_THROWS:10000000000, SEED:0

Starting --  (Dot printed every 100M Ball throws) 
.......... 1Bn
.......... 2Bn
.......... 3Bn
.......... 4Bn
.......... 5Bn
.......... 6Bn
.......... 7Bn
.......... 8Bn
.......... 9Bn
.......... 10Bn


Bucket-Occupancy Snapshot at End of Experiment

Occupancy: 		 Count
Bucket[ 0 Fill]: 	 0 	 (0.00)
Bucket[ 1 Fill]: 	 1 	 (0.00)
Bucket[ 2 Fill]: 	 16 	 (0.05)
Bucket[ 3 Fill]: 	 89 	 (0.27)
Bucket[ 4 Fill]: 	 390 	 (1.19)
Bucket[ 5 Fill]: 	 1164 	 (3.55)
Bucket[ 6 Fill]: 	 2883 	 (8.80)
Bucket[ 7 Fill]: 	 6072 	 (18.53)
Bucket[ 8 Fill]: 	 9227 	 (28.16)
Bucket[ 9 Fill]: 	 8806 	 (26.87)
Bucket[10 Fill]: 	 3728 	 (11.38)
Bucket[11 Fill]: 	 392 	 (1.20)
Bucket[12 Fill]: 	 0 	 (0.00)
Bucket[13 Fill]: 	 0 	 (0.00)
Bucket[14 Fill]: 	 0 	 (0.00)
Bucket[15 Fill]: 	 0 	 (0.00)
Bucket[16 Fill]: 	 0 	 (0.00)


Distribution of Bucket-Occupancy (Averaged across Ball Throws) => Used for P(Bucket = k balls) calculation 

Occupancy: 		            Count 	 P(Bucket=k balls)
Bucket[ 0 Fill]: 	            79584 	 (0.000)
Bucket[ 1 Fill]: 	          1275505 	 (0.006)
Bucket[ 2 Fill]: 	         10209251 	 (0.051)
Bucket[ 3 Fill]: 	         54451702 	 (0.272)
Bucket[ 4 Fill]: 	        217367632 	 (1.087)
Bucket[ 5 Fill]: 	        689548296 	 (3.448)
Bucket[ 6 Fill]: 	       1781273058 	 (8.906)
Bucket[ 7 Fill]: 	       3692494392 	 (18.462)
Bucket[ 8 Fill]: 	       5686830306 	 (28.434)
Bucket[ 9 Fill]: 	       5414276982 	 (27.071)
Bucket[10 Fill]: 	       2235035130 	 (11.175)
Bucket[11 Fill]: 	        217158162 	 (1.086)
Bucket[12 Fill]: 	                0 	 (0.000)
Bucket[13 Fill]: 	                0 	 (0.000)
Bucket[14 Fill]: 	                0 	 (0.000)
Bucket[15 Fill]: 	                0 	 (0.000)
Bucket[16 Fill]: 	                0 	 (0.000)


Distribution of Balls-in-Dest-Bucket on Ball-Insertion (Best-Of-2 Indexed-Buckets) => Spill-Count = Spills from Bucket-With-11-Balls

Balls-in-Dest-Bucket (k) 		 Spills from Bucket-With-k-Balls)
 0:				            79583	 (0.001)
 1:				          1275470	 (0.013)
 2:				         10205962	 (0.102)
 3:				         54346552	 (0.543)
 4:				        215470200	 (2.155)
 5:				        667888036	 (6.679)
 6:				       1615318641	 (16.153)
 7:				       2843181370	 (28.432)
 8:				       3045224002	 (30.452)
 9:				       1396668172	 (13.967)
10:				        149161510	 (1.492)
11:				          1180502	 (0.012)
12:				                0	 (0.000)
13:				                0	 (0.000)
14:				                0	 (0.000)
15:				                0	 (0.000)

Spill Count: 0 (0.000)

Codi Spill Count: 0 (0.000)
